0 info it worked if it ends with ok
1 verbose cli [
1 verbose cli   'C:\\Program Files\\nodejs\\node.exe',
1 verbose cli   'C:\\Users\\SELTAN LOPIS\\AppData\\Roaming\\npm\\node_modules\\npm\\bin\\npm-cli.js',
1 verbose cli   'start'
1 verbose cli ]
2 info using npm@3.10.10
3 info using node@v13.12.0
4 verbose run-script [ 'prestart', 'start', 'poststart' ]
5 info lifecycle vue-spa@1.0.0~prestart: vue-spa@1.0.0
6 silly lifecycle vue-spa@1.0.0~prestart: no script for prestart, continuing
7 info lifecycle vue-spa@1.0.0~start: vue-spa@1.0.0
8 verbose lifecycle vue-spa@1.0.0~start: unsafe-perm in lifecycle true
9 verbose lifecycle vue-spa@1.0.0~start: PATH: C:\Users\SELTAN LOPIS\AppData\Roaming\npm\node_modules\npm\bin\node-gyp-bin;C:\Users\SELTAN LOPIS\vue-spa\node_modules\.bin;C:\Users\SELTAN LOPIS\bin;C:\Program Files\Git\mingw64\bin;C:\Program Files\Git\usr\local\bin;C:\Program Files\Git\usr\bin;C:\Program Files\Git\usr\bin;C:\Program Files\Git\mingw64\bin;C:\Program Files\Git\usr\bin;C:\Users\SELTAN LOPIS\bin;C:\oraclexe\app\oracle\product\10.2.0\server\bin;C:\ProgramData\Oracle\Java\javapath;C:\Windows\system32;C:\Windows;C:\Windows\System32\Wbem;C:\Windows\System32\WindowsPowerShell\v1.0;C:\Program Files (x86)\Brackets\command;C:\Program Files (x86)\Microsoft SQL Server\100\Tools\Binn;C:\Program Files\Microsoft SQL Server\100\Tools\Binn;C:\Program Files\Microsoft SQL Server\100\DTS\Binn;C:\Program Files\Git\cmd;C:\winnmp\bin;C:\Program Files\nodejs;C:\Program Files (x86)\Microsoft Visual Studio\Common\Tools\WinNT;C:\Program Files (x86)\Microsoft Visual Studio\Common\MSDev98\Bin;C:\Program Files (x86)\Microsoft Visual Studio\Common\Tools;C:\Program Files (x86)\Microsoft Visual Studio\VC98\bin;C:\xampp\php;C:\Users\SELTAN LOPIS\AppData\Roaming\Composer\vendor\bin;C:\Users\SELTAN LOPIS\AppData\Local\Programs\Microsoft VS Code\bin;C:\Users\SELTAN LOPIS\composer;C:\WinNMP\bin;C:\Users\SELTAN LOPIS\AppData\Roaming\npm;C:\Program Files\Git\usr\bin\vendor_perl;C:\Program Files\Git\usr\bin\core_perl
10 verbose lifecycle vue-spa@1.0.0~start: CWD: C:\Users\SELTAN LOPIS\vue-spa
11 silly lifecycle vue-spa@1.0.0~start: Args: [ '/d /s /c', 'node server' ]
12 silly lifecycle vue-spa@1.0.0~start: Returned: code: 1  signal: null
13 info lifecycle vue-spa@1.0.0~start: Failed to exec start script
14 verbose stack Error: vue-spa@1.0.0 start: `node server`
14 verbose stack Exit status 1
14 verbose stack     at EventEmitter.<anonymous> (C:\Users\SELTAN LOPIS\AppData\Roaming\npm\node_modules\npm\lib\utils\lifecycle.js:255:16)
14 verbose stack     at EventEmitter.emit (events.js:315:20)
14 verbose stack     at ChildProcess.<anonymous> (C:\Users\SELTAN LOPIS\AppData\Roaming\npm\node_modules\npm\lib\utils\spawn.js:40:14)
14 verbose stack     at ChildProcess.emit (events.js:315:20)
14 verbose stack     at maybeClose (internal/child_process.js:1026:16)
14 verbose stack     at Process.ChildProcess._handle.onexit (internal/child_process.js:286:5)
15 verbose pkgid vue-spa@1.0.0
16 verbose cwd C:\Users\SELTAN LOPIS\vue-spa
17 error Windows_NT 6.3.9600
18 error argv "C:\\Program Files\\nodejs\\node.exe" "C:\\Users\\SELTAN LOPIS\\AppData\\Roaming\\npm\\node_modules\\npm\\bin\\npm-cli.js" "start"
19 error node v13.12.0
20 error npm  v3.10.10
21 error code ELIFECYCLE
22 error vue-spa@1.0.0 start: `node server`
22 error Exit status 1
23 error Failed at the vue-spa@1.0.0 start script 'node server'.
23 error Make sure you have the latest version of node.js and npm installed.
23 error If you do, this is most likely a problem with the vue-spa package,
23 error not with npm itself.
23 error Tell the author that this fails on your system:
23 error     node server
23 error You can get information on how to open an issue for this project with:
23 error     npm bugs vue-spa
23 error Or if that isn't available, you can get their info via:
23 error     npm owner ls vue-spa
23 error There is likely additional logging output above.
24 verbose exit [ 1, true ]
